<?xml version="1.0" encoding="UTF-8"?>
<!-- Generated by org.testng.reporters.JUnitReportReporter -->
<testsuite skipped="0" hostname="krish" name="dataprovider.f1" tests="3" failures="0" timestamp="2023-11-08T07:46:31 IST" time="23.859" errors="0">
  <testcase name="DataProvSampleTest" time="6.541" classname="dataprovider.f1"/>
  <system-out/>
  <testcase name="DataProvSampleTest" time="7.575" classname="dataprovider.f1"/>
  <system-out/>
  <testcase name="DataProvSampleTest" time="9.743" classname="dataprovider.f1"/>
  <system-out/>
</testsuite> <!-- dataprovider.f1 -->
