<?xml version="1.0" encoding="UTF-8"?>
<!-- Generated by org.testng.reporters.JUnitReportReporter -->
<testsuite skipped="0" hostname="krish" name="testngdependency.real" tests="7" failures="0" timestamp="2023-11-01T07:22:34 IST" time="8.626" errors="0">
  <testcase name="visitingg" time="3.243" classname="testngdependency.real"/>
  <system-out/>
  <testcase name="max" time="0.144" classname="testngdependency.real"/>
  <system-out/>
  <testcase name="refresh" time="0.525" classname="testngdependency.real"/>
  <system-out/>
  <testcase name="refresh" time="0.628" classname="testngdependency.real"/>
  <system-out/>
  <testcase name="refresh" time="0.534" classname="testngdependency.real"/>
  <system-out/>
  <testcase name="clicking" time="0.855" classname="testngdependency.real"/>
  <system-out/>
  <testcase name="close" time="2.697" classname="testngdependency.real"/>
  <system-out/>
</testsuite> <!-- testngdependency.real -->
