<?xml version="1.0" encoding="UTF-8"?>
<!-- Generated by org.testng.reporters.JUnitReportReporter -->
<testsuite skipped="0" hostname="krish" name="testngwaitssy.t2" tests="1" failures="0" timestamp="2023-11-09T07:27:17 IST" time="3.954" errors="0">
  <testcase name="hs" time="3.954" classname="testngwaitssy.t2"/>
  <system-out/>
</testsuite> <!-- testngwaitssy.t2 -->
