<?xml version="1.0" encoding="UTF-8"?>
<!-- Generated by org.testng.reporters.JUnitReportReporter -->
<testsuite skipped="0" hostname="krish" name="testngannotations.a1" tests="2" failures="0" timestamp="2023-11-02T07:31:25 IST" time="3.988" errors="0">
  <testcase name="t1" time="0.743" classname="testngannotations.a1"/>
  <system-out/>
  <testcase name="t2" time="3.245" classname="testngannotations.a1"/>
  <system-out/>
</testsuite> <!-- testngannotations.a1 -->
